2015-09-21 00:34:41 INFO  Version:37 - HCANN000001: Hibernate Commons Annotations {4.0.1.Final}
2015-09-21 00:34:41 INFO  Version:41 - HHH000412: Hibernate Core {4.1.4.Final}
2015-09-21 00:34:41 INFO  Environment:239 - HHH000206: hibernate.properties not found
2015-09-21 00:34:41 INFO  Environment:342 - HHH000021: Bytecode provider name : javassist
2015-09-21 00:34:41 INFO  Ejb3Configuration:527 - HHH000204: Processing PersistenceUnitInfo [
	name: xws
	...]
2015-09-21 00:34:41 WARN  Ejb3Configuration:1312 - HHH000059: Defining hibernate.transaction.flush_before_completion=true ignored in HEM
2015-09-21 00:34:41 INFO  ConnectionProviderInitiator:188 - HHH000130: Instantiating explicit connection provider: org.hibernate.ejb.connection.InjectedDataSourceConnectionProvider
2015-09-21 00:34:42 INFO  Dialect:122 - HHH000400: Using dialect: org.hibernate.dialect.MySQLDialect
2015-09-21 00:34:42 WARN  JtaPlatformInitiator:98 - HHH000427: Using deprecated org.hibernate.transaction.TransactionManagerLookup strategy [hibernate.transaction.manager_lookup_class], use newer org.hibernate.service.jta.platform.spi.JtaPlatform strategy instead [hibernate.transaction.jta.platform]
2015-09-21 00:34:42 INFO  JtaPlatformInitiator:114 - HHH000428: Encountered legacy TransactionManagerLookup specified; convert to newer org.hibernate.service.jta.platform.spi.JtaPlatform contract specified via hibernate.transaction.jta.platform setting
2015-09-21 00:34:42 INFO  TransactionFactoryInitiator:73 - HHH000268: Transaction strategy: org.hibernate.engine.transaction.internal.jta.CMTTransactionFactory
2015-09-21 00:34:42 INFO  ASTQueryTranslatorFactory:48 - HHH000397: Using ASTQueryTranslatorFactory
2015-09-21 00:34:42 INFO  Version:27 - HV000001: Hibernate Validator 4.3.0.Final
2015-09-21 00:34:42 INFO  SchemaExport:343 - HHH000227: Running hbm2ddl schema export
2015-09-21 00:34:42 INFO  SchemaExport:405 - HHH000230: Schema export complete
2015-09-21 00:37:44 INFO  FirmaService:34 - calling -> [firma] test
2015-09-21 00:46:44 INFO  Version:37 - HCANN000001: Hibernate Commons Annotations {4.0.1.Final}
2015-09-21 00:46:44 INFO  Version:41 - HHH000412: Hibernate Core {4.1.4.Final}
2015-09-21 00:46:44 INFO  Environment:239 - HHH000206: hibernate.properties not found
2015-09-21 00:46:44 INFO  Environment:342 - HHH000021: Bytecode provider name : javassist
2015-09-21 00:46:44 INFO  Ejb3Configuration:527 - HHH000204: Processing PersistenceUnitInfo [
	name: xws
	...]
2015-09-21 00:46:44 WARN  Ejb3Configuration:1312 - HHH000059: Defining hibernate.transaction.flush_before_completion=true ignored in HEM
2015-09-21 00:46:44 INFO  ConnectionProviderInitiator:188 - HHH000130: Instantiating explicit connection provider: org.hibernate.ejb.connection.InjectedDataSourceConnectionProvider
2015-09-21 00:46:45 INFO  Dialect:122 - HHH000400: Using dialect: org.hibernate.dialect.MySQLDialect
2015-09-21 00:46:45 WARN  JtaPlatformInitiator:98 - HHH000427: Using deprecated org.hibernate.transaction.TransactionManagerLookup strategy [hibernate.transaction.manager_lookup_class], use newer org.hibernate.service.jta.platform.spi.JtaPlatform strategy instead [hibernate.transaction.jta.platform]
2015-09-21 00:46:45 INFO  JtaPlatformInitiator:114 - HHH000428: Encountered legacy TransactionManagerLookup specified; convert to newer org.hibernate.service.jta.platform.spi.JtaPlatform contract specified via hibernate.transaction.jta.platform setting
2015-09-21 00:46:45 INFO  TransactionFactoryInitiator:73 - HHH000268: Transaction strategy: org.hibernate.engine.transaction.internal.jta.CMTTransactionFactory
2015-09-21 00:46:45 INFO  ASTQueryTranslatorFactory:48 - HHH000397: Using ASTQueryTranslatorFactory
2015-09-21 00:46:45 INFO  Version:27 - HV000001: Hibernate Validator 4.3.0.Final
2015-09-21 00:46:45 INFO  SchemaExport:343 - HHH000227: Running hbm2ddl schema export
2015-09-21 00:46:45 INFO  SchemaExport:405 - HHH000230: Schema export complete
2015-09-21 00:47:20 INFO  FirmaService:37 - calling -> [firma] test
2015-09-21 00:47:32 INFO  FirmaService:47 - calling -> [firma] say
2015-09-21 00:48:08 INFO  FirmaService:47 - calling -> [firma] say
2015-09-21 01:13:53 INFO  Version:37 - HCANN000001: Hibernate Commons Annotations {4.0.1.Final}
2015-09-21 01:13:53 INFO  Version:41 - HHH000412: Hibernate Core {4.1.4.Final}
2015-09-21 01:13:53 INFO  Environment:239 - HHH000206: hibernate.properties not found
2015-09-21 01:13:53 INFO  Environment:342 - HHH000021: Bytecode provider name : javassist
2015-09-21 01:13:53 INFO  Ejb3Configuration:527 - HHH000204: Processing PersistenceUnitInfo [
	name: xws
	...]
2015-09-21 01:13:53 WARN  Ejb3Configuration:1312 - HHH000059: Defining hibernate.transaction.flush_before_completion=true ignored in HEM
2015-09-21 01:13:53 INFO  ConnectionProviderInitiator:188 - HHH000130: Instantiating explicit connection provider: org.hibernate.ejb.connection.InjectedDataSourceConnectionProvider
2015-09-21 01:13:54 INFO  Dialect:122 - HHH000400: Using dialect: org.hibernate.dialect.MySQLDialect
2015-09-21 01:13:54 WARN  JtaPlatformInitiator:98 - HHH000427: Using deprecated org.hibernate.transaction.TransactionManagerLookup strategy [hibernate.transaction.manager_lookup_class], use newer org.hibernate.service.jta.platform.spi.JtaPlatform strategy instead [hibernate.transaction.jta.platform]
2015-09-21 01:13:54 INFO  JtaPlatformInitiator:114 - HHH000428: Encountered legacy TransactionManagerLookup specified; convert to newer org.hibernate.service.jta.platform.spi.JtaPlatform contract specified via hibernate.transaction.jta.platform setting
2015-09-21 01:13:54 INFO  TransactionFactoryInitiator:73 - HHH000268: Transaction strategy: org.hibernate.engine.transaction.internal.jta.CMTTransactionFactory
2015-09-21 01:13:54 INFO  ASTQueryTranslatorFactory:48 - HHH000397: Using ASTQueryTranslatorFactory
2015-09-21 01:13:54 INFO  Version:27 - HV000001: Hibernate Validator 4.3.0.Final
2015-09-21 01:13:54 INFO  SchemaExport:343 - HHH000227: Running hbm2ddl schema export
2015-09-21 01:13:54 INFO  SchemaExport:405 - HHH000230: Schema export complete
2015-09-21 01:17:06 INFO  Version:37 - HCANN000001: Hibernate Commons Annotations {4.0.1.Final}
2015-09-21 01:17:06 INFO  Version:41 - HHH000412: Hibernate Core {4.1.4.Final}
2015-09-21 01:17:06 INFO  Environment:239 - HHH000206: hibernate.properties not found
2015-09-21 01:17:06 INFO  Environment:342 - HHH000021: Bytecode provider name : javassist
2015-09-21 01:17:06 INFO  Ejb3Configuration:527 - HHH000204: Processing PersistenceUnitInfo [
	name: xws
	...]
2015-09-21 01:17:06 WARN  Ejb3Configuration:1312 - HHH000059: Defining hibernate.transaction.flush_before_completion=true ignored in HEM
2015-09-21 01:17:06 INFO  ConnectionProviderInitiator:188 - HHH000130: Instantiating explicit connection provider: org.hibernate.ejb.connection.InjectedDataSourceConnectionProvider
2015-09-21 01:17:07 INFO  Dialect:122 - HHH000400: Using dialect: org.hibernate.dialect.MySQLDialect
2015-09-21 01:17:07 WARN  JtaPlatformInitiator:98 - HHH000427: Using deprecated org.hibernate.transaction.TransactionManagerLookup strategy [hibernate.transaction.manager_lookup_class], use newer org.hibernate.service.jta.platform.spi.JtaPlatform strategy instead [hibernate.transaction.jta.platform]
2015-09-21 01:17:07 INFO  JtaPlatformInitiator:114 - HHH000428: Encountered legacy TransactionManagerLookup specified; convert to newer org.hibernate.service.jta.platform.spi.JtaPlatform contract specified via hibernate.transaction.jta.platform setting
2015-09-21 01:17:07 INFO  TransactionFactoryInitiator:73 - HHH000268: Transaction strategy: org.hibernate.engine.transaction.internal.jta.CMTTransactionFactory
2015-09-21 01:17:07 INFO  ASTQueryTranslatorFactory:48 - HHH000397: Using ASTQueryTranslatorFactory
2015-09-21 01:17:07 INFO  Version:27 - HV000001: Hibernate Validator 4.3.0.Final
2015-09-21 01:17:07 INFO  SchemaExport:343 - HHH000227: Running hbm2ddl schema export
2015-09-21 01:17:07 INFO  SchemaExport:405 - HHH000230: Schema export complete
2015-09-21 01:17:28 INFO  UserDao:39 - logovanje...
2015-09-21 01:17:28 INFO  UserDao:40 - username: asdw
2015-09-21 01:17:28 INFO  UserDao:41 - password: awd
2015-09-21 01:17:28 INFO  UserDao:51 - password: 1f73402c644002a7ea3c9532e8ba4139
2015-09-21 01:17:41 INFO  UserDao:39 - logovanje...
2015-09-21 01:17:41 INFO  UserDao:40 - username: admin
2015-09-21 01:17:41 INFO  UserDao:41 - password: admin
2015-09-21 01:17:41 INFO  UserDao:51 - password: 21232f297a57a5a743894a0e4a801fc3
2015-09-21 01:18:02 INFO  UserDao:39 - logovanje...
2015-09-21 01:18:02 INFO  UserDao:40 - username: admin
2015-09-21 01:18:02 INFO  UserDao:41 - password: 21232f297a57a5a743894a0e4a801fc3
2015-09-21 01:18:02 INFO  UserDao:51 - password: c3284d0f94606de1fd2af172aba15bf3
2015-09-21 01:18:29 INFO  UserDao:39 - logovanje...
2015-09-21 01:18:29 INFO  UserDao:40 - username: admin
2015-09-21 01:18:29 INFO  UserDao:41 - password: 21232f297a57a5a743894a0e4a801fc3
2015-09-21 01:18:29 INFO  UserDao:51 - password: c3284d0f94606de1fd2af172aba15bf3
2015-09-21 01:22:06 INFO  Version:37 - HCANN000001: Hibernate Commons Annotations {4.0.1.Final}
2015-09-21 01:22:06 INFO  Version:41 - HHH000412: Hibernate Core {4.1.4.Final}
2015-09-21 01:22:06 INFO  Environment:239 - HHH000206: hibernate.properties not found
2015-09-21 01:22:06 INFO  Environment:342 - HHH000021: Bytecode provider name : javassist
2015-09-21 01:22:06 INFO  Ejb3Configuration:527 - HHH000204: Processing PersistenceUnitInfo [
	name: xws
	...]
2015-09-21 01:22:06 WARN  Ejb3Configuration:1312 - HHH000059: Defining hibernate.transaction.flush_before_completion=true ignored in HEM
2015-09-21 01:22:06 INFO  ConnectionProviderInitiator:188 - HHH000130: Instantiating explicit connection provider: org.hibernate.ejb.connection.InjectedDataSourceConnectionProvider
2015-09-21 01:22:07 INFO  Dialect:122 - HHH000400: Using dialect: org.hibernate.dialect.MySQLDialect
2015-09-21 01:22:07 WARN  JtaPlatformInitiator:98 - HHH000427: Using deprecated org.hibernate.transaction.TransactionManagerLookup strategy [hibernate.transaction.manager_lookup_class], use newer org.hibernate.service.jta.platform.spi.JtaPlatform strategy instead [hibernate.transaction.jta.platform]
2015-09-21 01:22:07 INFO  JtaPlatformInitiator:114 - HHH000428: Encountered legacy TransactionManagerLookup specified; convert to newer org.hibernate.service.jta.platform.spi.JtaPlatform contract specified via hibernate.transaction.jta.platform setting
2015-09-21 01:22:07 INFO  TransactionFactoryInitiator:73 - HHH000268: Transaction strategy: org.hibernate.engine.transaction.internal.jta.CMTTransactionFactory
2015-09-21 01:22:07 INFO  ASTQueryTranslatorFactory:48 - HHH000397: Using ASTQueryTranslatorFactory
2015-09-21 01:22:07 INFO  Version:27 - HV000001: Hibernate Validator 4.3.0.Final
2015-09-21 01:22:07 INFO  SchemaExport:343 - HHH000227: Running hbm2ddl schema export
2015-09-21 01:22:07 INFO  SchemaExport:405 - HHH000230: Schema export complete
2015-09-21 01:22:20 INFO  FirmaService:47 - calling -> [firma] say
2015-09-21 01:22:26 INFO  FirmaService:47 - calling -> [firma] say
2015-09-21 01:22:34 INFO  FirmaService:37 - calling -> [firma] test
2015-09-21 01:23:01 ERROR UserService:53 - 
java.lang.NullPointerException
	at xws.tim7.services.UserService.login(UserService.java:51)
	at sun.reflect.NativeMethodAccessorImpl.invoke0(Native Method)
	at sun.reflect.NativeMethodAccessorImpl.invoke(NativeMethodAccessorImpl.java:62)
	at sun.reflect.DelegatingMethodAccessorImpl.invoke(DelegatingMethodAccessorImpl.java:43)
	at java.lang.reflect.Method.invoke(Method.java:497)
	at org.apache.openejb.server.cxf.rs.PojoInvoker.performInvocation(PojoInvoker.java:43)
	at org.apache.cxf.service.invoker.AbstractInvoker.invoke(AbstractInvoker.java:96)
	at org.apache.cxf.jaxrs.JAXRSInvoker.invoke(JAXRSInvoker.java:165)
	at org.apache.cxf.jaxrs.JAXRSInvoker.invoke(JAXRSInvoker.java:89)
	at org.apache.openejb.server.cxf.rs.AutoJAXRSInvoker.invoke(AutoJAXRSInvoker.java:68)
	at org.apache.cxf.interceptor.ServiceInvokerInterceptor$1.run(ServiceInvokerInterceptor.java:58)
	at org.apache.cxf.interceptor.ServiceInvokerInterceptor.handleMessage(ServiceInvokerInterceptor.java:94)
	at org.apache.cxf.phase.PhaseInterceptorChain.doIntercept(PhaseInterceptorChain.java:262)
	at org.apache.cxf.transport.ChainInitiationObserver.onMessage(ChainInitiationObserver.java:121)
	at org.apache.cxf.transport.http.AbstractHTTPDestination.invoke(AbstractHTTPDestination.java:237)
	at org.apache.openejb.server.cxf.rs.CxfRsHttpListener.onMessage(CxfRsHttpListener.java:187)
	at org.apache.openejb.server.rest.RsServlet.service(RsServlet.java:53)
	at javax.servlet.http.HttpServlet.service(HttpServlet.java:727)
	at org.apache.catalina.core.ApplicationFilterChain.internalDoFilter(ApplicationFilterChain.java:303)
	at org.apache.catalina.core.ApplicationFilterChain.doFilter(ApplicationFilterChain.java:208)
	at org.apache.tomcat.websocket.server.WsFilter.doFilter(WsFilter.java:52)
	at org.apache.catalina.core.ApplicationFilterChain.internalDoFilter(ApplicationFilterChain.java:241)
	at org.apache.catalina.core.ApplicationFilterChain.doFilter(ApplicationFilterChain.java:208)
	at org.apache.catalina.core.StandardWrapperValve.invoke(StandardWrapperValve.java:220)
	at org.apache.catalina.core.StandardContextValve.invoke(StandardContextValve.java:122)
	at org.apache.tomee.catalina.OpenEJBValve.invoke(OpenEJBValve.java:44)
	at org.apache.catalina.authenticator.AuthenticatorBase.invoke(AuthenticatorBase.java:501)
	at org.apache.catalina.core.StandardHostValve.invoke(StandardHostValve.java:171)
	at org.apache.catalina.valves.ErrorReportValve.invoke(ErrorReportValve.java:103)
	at org.apache.catalina.valves.AccessLogValve.invoke(AccessLogValve.java:950)
	at org.apache.catalina.core.StandardEngineValve.invoke(StandardEngineValve.java:116)
	at org.apache.catalina.connector.CoyoteAdapter.service(CoyoteAdapter.java:408)
	at org.apache.coyote.http11.AbstractHttp11Processor.process(AbstractHttp11Processor.java:1070)
	at org.apache.coyote.AbstractProtocol$AbstractConnectionHandler.process(AbstractProtocol.java:611)
	at org.apache.tomcat.util.net.JIoEndpoint$SocketProcessor.run(JIoEndpoint.java:316)
	at java.util.concurrent.ThreadPoolExecutor.runWorker(ThreadPoolExecutor.java:1142)
	at java.util.concurrent.ThreadPoolExecutor$Worker.run(ThreadPoolExecutor.java:617)
	at org.apache.tomcat.util.threads.TaskThread$WrappingRunnable.run(TaskThread.java:61)
	at java.lang.Thread.run(Thread.java:745)
2015-09-21 01:23:08 INFO  UserDao:39 - logovanje...
2015-09-21 01:23:08 INFO  UserDao:40 - username: admin
2015-09-21 01:23:08 INFO  UserDao:41 - password: admin
2015-09-21 01:23:08 INFO  UserDao:51 - password: 21232f297a57a5a743894a0e4a801fc3
2015-09-21 01:23:08 INFO  UserDao:55 - logovanje uspesno!
2015-09-21 01:23:23 INFO  UserDao:79 - LOGOUT
2015-09-21 01:23:44 INFO  UserDao:39 - logovanje...
2015-09-21 01:23:44 INFO  UserDao:40 - username: admin
2015-09-21 01:23:44 INFO  UserDao:41 - password: admin
2015-09-21 01:23:44 INFO  UserDao:51 - password: 21232f297a57a5a743894a0e4a801fc3
2015-09-21 01:23:44 INFO  UserDao:55 - logovanje uspesno!
2015-09-21 01:24:01 INFO  UserDao:79 - LOGOUT
